# JRE version: OpenJDK Runtime Environment (17.0.9) (build 17.0.9+0--11255266)
# Java VM: OpenJDK 64-Bit Server VM (17.0.9+0--11255266, mixed mode, tiered, compressed oops, compressed class ptrs, g1 gc, windows-amd64)
GC Precious Log:
 CPUs: 4 total, 4 available
 Memory: 7975M
 Large Page Support: Disabled
 NUMA Support: Disabled
 Compressed Oops: Enabled (32-bit)
 Heap Region Size: 1M
 Heap Min Capacity: 8M
 Heap Initial Capacity: 126M
 Heap Max Capacity: 2G
 Pre-touch: Disabled
 Parallel Workers: 4
 Concurrent Workers: 1
 Concurrent Refinement Workers: 4
 Periodic GC: Disabled
Heap:
 garbage-first heap   total 409600K, used 327897K [0x0000000080000000, 0x0000000100000000)
  region size 1024K, 4 young (4096K), 4 survivors (4096K)
 Metaspace       used 134339K, committed 135552K, reserved 1179648K
  class space    used 17933K, committed 18560K, reserved 1048576K
GC Heap History (20 events):
Event: 255.048 GC heap after
{Heap after GC invocations=76 (full 0):
 garbage-first heap   total 340992K, used 243856K [0x0000000080000000, 0x0000000100000000)
  region size 1024K, 8 young (8192K), 8 survivors (8192K)
 Metaspace       used 125948K, committed 127168K, reserved 1179648K
  class space    used 17080K, committed 17664K, reserved 1048576K
}
Event: 259.684 GC heap before
{Heap before GC invocations=76 (full 0):
 garbage-first heap   total 340992K, used 286864K [0x0000000080000000, 0x0000000100000000)
  region size 1024K, 51 young (52224K), 8 survivors (8192K)
 Metaspace       used 127178K, committed 128448K, reserved 1179648K
  class space    used 17241K, committed 17856K, reserved 1048576K
}
Event: 259.706 GC heap after
{Heap after GC invocations=77 (full 0):
 garbage-first heap   total 340992K, used 247583K [0x0000000080000000, 0x0000000100000000)
  region size 1024K, 5 young (5120K), 5 survivors (5120K)
 Metaspace       used 127178K, committed 128448K, reserved 1179648K
  class space    used 17241K, committed 17856K, reserved 1048576K
}
Event: 260.872 GC heap before
{Heap before GC invocations=77 (full 0):
 garbage-first heap   total 340992K, used 288543K [0x0000000080000000, 0x0000000100000000)
  region size 1024K, 46 young (47104K), 5 survivors (5120K)
 Metaspace       used 127853K, committed 129088K, reserved 1179648K
  class space    used 17270K, committed 17856K, reserved 1048576K
}
Event: 260.888 GC heap after
{Heap after GC invocations=78 (full 0):
 garbage-first heap   total 340992K, used 257132K [0x0000000080000000, 0x0000000100000000)
  region size 1024K, 6 young (6144K), 6 survivors (6144K)
 Metaspace       used 127853K, committed 129088K, reserved 1179648K
  class space    used 17270K, committed 17856K, reserved 1048576K
}
Event: 261.523 GC heap before
{Heap before GC invocations=78 (full 0):
 garbage-first heap   total 340992K, used 298092K [0x0000000080000000, 0x0000000100000000)
  region size 1024K, 37 young (37888K), 6 survivors (6144K)
 Metaspace       used 127907K, committed 129152K, reserved 1179648K
  class space    used 17270K, committed 17856K, reserved 1048576K
}
Event: 261.543 GC heap after
{Heap after GC invocations=79 (full 0):
 garbage-first heap   total 340992K, used 276253K [0x0000000080000000, 0x0000000100000000)
  region size 1024K, 5 young (5120K), 5 survivors (5120K)
 Metaspace       used 127907K, committed 129152K, reserved 1179648K
  class space    used 17270K, committed 17856K, reserved 1048576K
}
Event: 261.878 GC heap before
{Heap before GC invocations=79 (full 0):
 garbage-first heap   total 340992K, used 292637K [0x0000000080000000, 0x0000000100000000)
  region size 1024K, 21 young (21504K), 5 survivors (5120K)
 Metaspace       used 128203K, committed 129472K, reserved 1179648K
  class space    used 17305K, committed 17920K, reserved 1048576K
}
Event: 261.892 GC heap after
{Heap after GC invocations=80 (full 0):
 garbage-first heap   total 409600K, used 278705K [0x0000000080000000, 0x0000000100000000)
  region size 1024K, 2 young (2048K), 2 survivors (2048K)
 Metaspace       used 128203K, committed 129472K, reserved 1179648K
  class space    used 17305K, committed 17920K, reserved 1048576K
}
Event: 269.319 GC heap before
{Heap before GC invocations=80 (full 0):
 garbage-first heap   total 409600K, used 343217K [0x0000000080000000, 0x0000000100000000)
  region size 1024K, 57 young (58368K), 2 survivors (2048K)
 Metaspace       used 130580K, committed 131776K, reserved 1179648K
  class space    used 17581K, committed 18176K, reserved 1048576K
}
Event: 269.332 GC heap after
{Heap after GC invocations=81 (full 0):
 garbage-first heap   total 409600K, used 284159K [0x0000000080000000, 0x0000000100000000)
  region size 1024K, 8 young (8192K), 8 survivors (8192K)
 Metaspace       used 130580K, committed 131776K, reserved 1179648K
  class space    used 17581K, committed 18176K, reserved 1048576K
}
Event: 271.231 GC heap before
{Heap before GC invocations=81 (full 0):
 garbage-first heap   total 409600K, used 366079K [0x0000000080000000, 0x0000000100000000)
  region size 1024K, 61 young (62464K), 8 survivors (8192K)
 Metaspace       used 131279K, committed 132544K, reserved 1179648K
  class space    used 17644K, committed 18240K, reserved 1048576K
}
Event: 271.243 GC heap after
{Heap after GC invocations=82 (full 0):
 garbage-first heap   total 409600K, used 290712K [0x0000000080000000, 0x0000000100000000)
  region size 1024K, 7 young (7168K), 7 survivors (7168K)
 Metaspace       used 131279K, committed 132544K, reserved 1179648K
  class space    used 17644K, committed 18240K, reserved 1048576K
}
Event: 271.303 GC heap before
{Heap before GC invocations=82 (full 0):
 garbage-first heap   total 409600K, used 341912K [0x0000000080000000, 0x0000000100000000)
  region size 1024K, 57 young (58368K), 7 survivors (7168K)
 Metaspace       used 131311K, committed 132544K, reserved 1179648K
  class space    used 17646K, committed 18240K, reserved 1048576K
}
Event: 271.312 GC heap after
{Heap after GC invocations=83 (full 0):
 garbage-first heap   total 409600K, used 304185K [0x0000000080000000, 0x0000000100000000)
  region size 1024K, 8 young (8192K), 8 survivors (8192K)
 Metaspace       used 131311K, committed 132544K, reserved 1179648K
  class space    used 17646K, committed 18240K, reserved 1048576K
}
Event: 271.489 GC heap before
{Heap before GC invocations=83 (full 0):
 garbage-first heap   total 409600K, used 342073K [0x0000000080000000, 0x0000000100000000)
  region size 1024K, 46 young (47104K), 8 survivors (8192K)
 Metaspace       used 132462K, committed 133632K, reserved 1179648K
  class space    used 17727K, committed 18304K, reserved 1048576K
}
Event: 271.501 GC heap after
{Heap after GC invocations=84 (full 0):
 garbage-first heap   total 409600K, used 315127K [0x0000000080000000, 0x0000000100000000)
  region size 1024K, 6 young (6144K), 6 survivors (6144K)
 Metaspace       used 132462K, committed 133632K, reserved 1179648K
  class space    used 17727K, committed 18304K, reserved 1048576K
}
Event: 271.571 GC heap before
{Heap before GC invocations=84 (full 0):
 garbage-first heap   total 409600K, used 346871K [0x0000000080000000, 0x0000000100000000)
  region size 1024K, 37 young (37888K), 6 survivors (6144K)
 Metaspace       used 132909K, committed 134144K, reserved 1179648K
  class space    used 17771K, committed 18368K, reserved 1048576K
}
Event: 271.580 GC heap after
{Heap after GC invocations=85 (full 0):
 garbage-first heap   total 409600K, used 323357K [0x0000000080000000, 0x0000000100000000)
  region size 1024K, 5 young (5120K), 5 survivors (5120K)
 Metaspace       used 132909K, committed 134144K, reserved 1179648K
  class space    used 17771K, committed 18368K, reserved 1048576K
}
Event: 271.719 GC heap before
{Heap before GC invocations=85 (full 0):
 garbage-first heap   total 409600K, used 348957K [0x0000000080000000, 0x0000000100000000)
  region size 1024K, 31 young (31744K), 5 survivors (5120K)
 Metaspace       used 134339K, committed 135552K, reserved 1179648K
  class space    used 17933K, committed 18560K, reserved 1048576K
}

