# JRE version: OpenJDK Runtime Environment (17.0.9) (build 17.0.9+0--11255266)
# Java VM: OpenJDK 64-Bit Server VM (17.0.9+0--11255266, mixed mode, tiered, compressed oops, compressed class ptrs, g1 gc, windows-amd64)
GC Precious Log:
 CPUs: 4 total, 4 available
 Memory: 7975M
 Large Page Support: Disabled
 NUMA Support: Disabled
 Compressed Oops: Enabled (32-bit)
 Heap Region Size: 1M
 Heap Min Capacity: 8M
 Heap Initial Capacity: 126M
 Heap Max Capacity: 2G
 Pre-touch: Disabled
 Parallel Workers: 4
 Concurrent Workers: 1
 Concurrent Refinement Workers: 4
 Periodic GC: Disabled
Heap:
 garbage-first heap   total 327680K, used 200151K [0x0000000080000000, 0x0000000100000000)
  region size 1024K, 2 young (2048K), 2 survivors (2048K)
 Metaspace       used 116045K, committed 116992K, reserved 1179648K
  class space    used 15623K, committed 16064K, reserved 1048576K
GC Heap History (20 events):
Event: 14.054 GC heap after
{Heap after GC invocations=33 (full 0):
 garbage-first heap   total 163840K, used 89056K [0x0000000080000000, 0x0000000100000000)
  region size 1024K, 5 young (5120K), 5 survivors (5120K)
 Metaspace       used 81819K, committed 82496K, reserved 1179648K
  class space    used 11058K, committed 11392K, reserved 1048576K
}
Event: 14.625 GC heap before
{Heap before GC invocations=34 (full 0):
 garbage-first heap   total 163840K, used 133088K [0x0000000080000000, 0x0000000100000000)
  region size 1024K, 48 young (49152K), 5 survivors (5120K)
 Metaspace       used 83324K, committed 84032K, reserved 1179648K
  class space    used 11254K, committed 11584K, reserved 1048576K
}
Event: 14.633 GC heap after
{Heap after GC invocations=35 (full 0):
 garbage-first heap   total 163840K, used 92413K [0x0000000080000000, 0x0000000100000000)
  region size 1024K, 4 young (4096K), 4 survivors (4096K)
 Metaspace       used 83324K, committed 84032K, reserved 1179648K
  class space    used 11254K, committed 11584K, reserved 1048576K
}
Event: 14.683 GC heap before
{Heap before GC invocations=35 (full 0):
 garbage-first heap   total 163840K, used 95485K [0x0000000080000000, 0x0000000100000000)
  region size 1024K, 8 young (8192K), 4 survivors (4096K)
 Metaspace       used 83581K, committed 84288K, reserved 1179648K
  class space    used 11300K, committed 11648K, reserved 1048576K
}
Event: 14.692 GC heap after
{Heap after GC invocations=36 (full 0):
 garbage-first heap   total 327680K, used 92693K [0x0000000080000000, 0x0000000100000000)
  region size 1024K, 1 young (1024K), 1 survivors (1024K)
 Metaspace       used 83581K, committed 84288K, reserved 1179648K
  class space    used 11300K, committed 11648K, reserved 1048576K
}
Event: 16.993 GC heap before
{Heap before GC invocations=36 (full 0):
 garbage-first heap   total 327680K, used 230933K [0x0000000080000000, 0x0000000100000000)
  region size 1024K, 136 young (139264K), 1 survivors (1024K)
 Metaspace       used 92136K, committed 92928K, reserved 1179648K
  class space    used 12711K, committed 13056K, reserved 1048576K
}
Event: 17.011 GC heap after
{Heap after GC invocations=37 (full 0):
 garbage-first heap   total 327680K, used 98399K [0x0000000080000000, 0x0000000100000000)
  region size 1024K, 7 young (7168K), 7 survivors (7168K)
 Metaspace       used 92136K, committed 92928K, reserved 1179648K
  class space    used 12711K, committed 13056K, reserved 1048576K
}
Event: 19.706 GC heap before
{Heap before GC invocations=37 (full 0):
 garbage-first heap   total 327680K, used 260191K [0x0000000080000000, 0x0000000100000000)
  region size 1024K, 165 young (168960K), 7 survivors (7168K)
 Metaspace       used 102350K, committed 103168K, reserved 1179648K
  class space    used 14192K, committed 14592K, reserved 1048576K
}
Event: 19.739 GC heap after
{Heap after GC invocations=38 (full 0):
 garbage-first heap   total 327680K, used 108869K [0x0000000080000000, 0x0000000100000000)
  region size 1024K, 17 young (17408K), 17 survivors (17408K)
 Metaspace       used 102350K, committed 103168K, reserved 1179648K
  class space    used 14192K, committed 14592K, reserved 1048576K
}
Event: 21.483 GC heap before
{Heap before GC invocations=38 (full 0):
 garbage-first heap   total 327680K, used 260421K [0x0000000080000000, 0x0000000100000000)
  region size 1024K, 164 young (167936K), 17 survivors (17408K)
 Metaspace       used 105358K, committed 106240K, reserved 1179648K
  class space    used 14638K, committed 15040K, reserved 1048576K
}
Event: 21.575 GC heap after
{Heap after GC invocations=39 (full 0):
 garbage-first heap   total 327680K, used 123819K [0x0000000080000000, 0x0000000100000000)
  region size 1024K, 21 young (21504K), 21 survivors (21504K)
 Metaspace       used 105358K, committed 106240K, reserved 1179648K
  class space    used 14638K, committed 15040K, reserved 1048576K
}
Event: 27.164 GC heap before
{Heap before GC invocations=39 (full 0):
 garbage-first heap   total 327680K, used 274347K [0x0000000080000000, 0x0000000100000000)
  region size 1024K, 155 young (158720K), 21 survivors (21504K)
 Metaspace       used 108705K, committed 109568K, reserved 1179648K
  class space    used 14893K, committed 15296K, reserved 1048576K
}
Event: 27.259 GC heap after
{Heap after GC invocations=40 (full 0):
 garbage-first heap   total 327680K, used 155951K [0x0000000080000000, 0x0000000100000000)
  region size 1024K, 20 young (20480K), 20 survivors (20480K)
 Metaspace       used 108705K, committed 109568K, reserved 1179648K
  class space    used 14893K, committed 15296K, reserved 1048576K
}
Event: 36.685 GC heap before
{Heap before GC invocations=40 (full 0):
 garbage-first heap   total 327680K, used 282927K [0x0000000080000000, 0x0000000100000000)
  region size 1024K, 109 young (111616K), 20 survivors (20480K)
 Metaspace       used 111755K, committed 112704K, reserved 1179648K
  class space    used 15230K, committed 15680K, reserved 1048576K
}
Event: 36.722 GC heap after
{Heap after GC invocations=41 (full 0):
 garbage-first heap   total 327680K, used 166184K [0x0000000080000000, 0x0000000100000000)
  region size 1024K, 9 young (9216K), 9 survivors (9216K)
 Metaspace       used 111755K, committed 112704K, reserved 1179648K
  class space    used 15230K, committed 15680K, reserved 1048576K
}
Event: 37.139 GC heap before
{Heap before GC invocations=41 (full 0):
 garbage-first heap   total 327680K, used 255272K [0x0000000080000000, 0x0000000100000000)
  region size 1024K, 96 young (98304K), 9 survivors (9216K)
 Metaspace       used 112011K, committed 112896K, reserved 1179648K
  class space    used 15256K, committed 15680K, reserved 1048576K
}
Event: 37.168 GC heap after
{Heap after GC invocations=42 (full 0):
 garbage-first heap   total 327680K, used 191488K [0x0000000080000000, 0x0000000100000000)
  region size 1024K, 12 young (12288K), 12 survivors (12288K)
 Metaspace       used 112011K, committed 112896K, reserved 1179648K
  class space    used 15256K, committed 15680K, reserved 1048576K
}
Event: 37.766 GC heap before
{Heap before GC invocations=42 (full 0):
 garbage-first heap   total 327680K, used 256000K [0x0000000080000000, 0x0000000100000000)
  region size 1024K, 76 young (77824K), 12 survivors (12288K)
 Metaspace       used 115421K, committed 116288K, reserved 1179648K
  class space    used 15580K, committed 16000K, reserved 1048576K
}
Event: 37.786 GC heap after
{Heap after GC invocations=43 (full 0):
 garbage-first heap   total 327680K, used 202752K [0x0000000080000000, 0x0000000100000000)
  region size 1024K, 10 young (10240K), 10 survivors (10240K)
 Metaspace       used 115421K, committed 116288K, reserved 1179648K
  class space    used 15580K, committed 16000K, reserved 1048576K
}
Event: 38.588 GC heap before
{Heap before GC invocations=43 (full 0):
 garbage-first heap   total 327680K, used 262144K [0x0000000080000000, 0x0000000100000000)
  region size 1024K, 69 young (70656K), 10 survivors (10240K)
 Metaspace       used 116045K, committed 116992K, reserved 1179648K
  class space    used 15623K, committed 16064K, reserved 1048576K
}

