# JRE version: OpenJDK Runtime Environment (17.0.9) (build 17.0.9+0--11255266)
# Java VM: OpenJDK 64-Bit Server VM (17.0.9+0--11255266, mixed mode, tiered, compressed oops, compressed class ptrs, g1 gc, windows-amd64)
GC Precious Log:
 CPUs: 4 total, 4 available
 Memory: 7975M
 Large Page Support: Disabled
 NUMA Support: Disabled
 Compressed Oops: Enabled (32-bit)
 Heap Region Size: 1M
 Heap Min Capacity: 8M
 Heap Initial Capacity: 126M
 Heap Max Capacity: 2G
 Pre-touch: Disabled
 Parallel Workers: 4
 Concurrent Workers: 1
 Concurrent Refinement Workers: 4
 Periodic GC: Disabled
Heap:
 garbage-first heap   total 172032K, used 102174K [0x0000000080000000, 0x0000000100000000)
  region size 1024K, 7 young (7168K), 7 survivors (7168K)
 Metaspace       used 94271K, committed 95104K, reserved 1179648K
  class space    used 13026K, committed 13440K, reserved 1048576K
GC Heap History (20 events):
Event: 13.427 GC heap after
{Heap after GC invocations=35 (full 0):
 garbage-first heap   total 138240K, used 72755K [0x0000000080000000, 0x0000000100000000)
  region size 1024K, 2 young (2048K), 2 survivors (2048K)
 Metaspace       used 70403K, committed 70976K, reserved 1114112K
  class space    used 9541K, committed 9792K, reserved 1048576K
}
Event: 13.510 GC heap before
{Heap before GC invocations=35 (full 0):
 garbage-first heap   total 138240K, used 75827K [0x0000000080000000, 0x0000000100000000)
  region size 1024K, 6 young (6144K), 2 survivors (2048K)
 Metaspace       used 70661K, committed 71232K, reserved 1114112K
  class space    used 9586K, committed 9856K, reserved 1048576K
}
Event: 13.513 GC heap after
{Heap after GC invocations=36 (full 0):
 garbage-first heap   total 138240K, used 72915K [0x0000000080000000, 0x0000000100000000)
  region size 1024K, 1 young (1024K), 1 survivors (1024K)
 Metaspace       used 70661K, committed 71232K, reserved 1114112K
  class space    used 9586K, committed 9856K, reserved 1048576K
}
Event: 14.102 GC heap before
{Heap before GC invocations=36 (full 0):
 garbage-first heap   total 138240K, used 112851K [0x0000000080000000, 0x0000000100000000)
  region size 1024K, 36 young (36864K), 1 survivors (1024K)
 Metaspace       used 74207K, committed 74816K, reserved 1114112K
  class space    used 10094K, committed 10368K, reserved 1048576K
}
Event: 14.105 GC heap after
{Heap after GC invocations=37 (full 0):
 garbage-first heap   total 138240K, used 79294K [0x0000000080000000, 0x0000000100000000)
  region size 1024K, 3 young (3072K), 3 survivors (3072K)
 Metaspace       used 74207K, committed 74816K, reserved 1114112K
  class space    used 10094K, committed 10368K, reserved 1048576K
}
Event: 14.423 GC heap before
{Heap before GC invocations=37 (full 0):
 garbage-first heap   total 138240K, used 111038K [0x0000000080000000, 0x0000000100000000)
  region size 1024K, 34 young (34816K), 3 survivors (3072K)
 Metaspace       used 77713K, committed 78336K, reserved 1179648K
  class space    used 10567K, committed 10880K, reserved 1048576K
}
Event: 14.427 GC heap after
{Heap after GC invocations=38 (full 0):
 garbage-first heap   total 138240K, used 81348K [0x0000000080000000, 0x0000000100000000)
  region size 1024K, 5 young (5120K), 5 survivors (5120K)
 Metaspace       used 77713K, committed 78336K, reserved 1179648K
  class space    used 10567K, committed 10880K, reserved 1048576K
}
Event: 14.876 GC heap before
{Heap before GC invocations=38 (full 0):
 garbage-first heap   total 138240K, used 118212K [0x0000000080000000, 0x0000000100000000)
  region size 1024K, 36 young (36864K), 5 survivors (5120K)
 Metaspace       used 80403K, committed 81024K, reserved 1179648K
  class space    used 10841K, committed 11136K, reserved 1048576K
}
Event: 14.883 GC heap after
{Heap after GC invocations=39 (full 0):
 garbage-first heap   total 172032K, used 82740K [0x0000000080000000, 0x0000000100000000)
  region size 1024K, 4 young (4096K), 4 survivors (4096K)
 Metaspace       used 80403K, committed 81024K, reserved 1179648K
  class space    used 10841K, committed 11136K, reserved 1048576K
}
Event: 15.325 GC heap before
{Heap before GC invocations=39 (full 0):
 garbage-first heap   total 172032K, used 140084K [0x0000000080000000, 0x0000000100000000)
  region size 1024K, 60 young (61440K), 4 survivors (4096K)
 Metaspace       used 81329K, committed 82048K, reserved 1179648K
  class space    used 10993K, committed 11328K, reserved 1048576K
}
Event: 15.332 GC heap after
{Heap after GC invocations=40 (full 0):
 garbage-first heap   total 172032K, used 87175K [0x0000000080000000, 0x0000000100000000)
  region size 1024K, 8 young (8192K), 8 survivors (8192K)
 Metaspace       used 81329K, committed 82048K, reserved 1179648K
  class space    used 10993K, committed 11328K, reserved 1048576K
}
Event: 16.127 GC heap before
{Heap before GC invocations=40 (full 0):
 garbage-first heap   total 172032K, used 137351K [0x0000000080000000, 0x0000000100000000)
  region size 1024K, 58 young (59392K), 8 survivors (8192K)
 Metaspace       used 83450K, committed 84096K, reserved 1179648K
  class space    used 11264K, committed 11584K, reserved 1048576K
}
Event: 16.138 GC heap after
{Heap after GC invocations=41 (full 0):
 garbage-first heap   total 172032K, used 92056K [0x0000000080000000, 0x0000000100000000)
  region size 1024K, 5 young (5120K), 5 survivors (5120K)
 Metaspace       used 83450K, committed 84096K, reserved 1179648K
  class space    used 11264K, committed 11584K, reserved 1048576K
}
Event: 17.193 GC heap before
{Heap before GC invocations=41 (full 0):
 garbage-first heap   total 172032K, used 139160K [0x0000000080000000, 0x0000000100000000)
  region size 1024K, 51 young (52224K), 5 survivors (5120K)
 Metaspace       used 86676K, committed 87360K, reserved 1179648K
  class space    used 11829K, committed 12160K, reserved 1048576K
}
Event: 17.199 GC heap after
{Heap after GC invocations=42 (full 0):
 garbage-first heap   total 172032K, used 94278K [0x0000000080000000, 0x0000000100000000)
  region size 1024K, 3 young (3072K), 3 survivors (3072K)
 Metaspace       used 86676K, committed 87360K, reserved 1179648K
  class space    used 11829K, committed 12160K, reserved 1048576K
}
Event: 17.967 GC heap before
{Heap before GC invocations=42 (full 0):
 garbage-first heap   total 172032K, used 141382K [0x0000000080000000, 0x0000000100000000)
  region size 1024K, 49 young (50176K), 3 survivors (3072K)
 Metaspace       used 89981K, committed 90688K, reserved 1179648K
  class space    used 12377K, committed 12736K, reserved 1048576K
}
Event: 17.974 GC heap after
{Heap after GC invocations=43 (full 0):
 garbage-first heap   total 172032K, used 95695K [0x0000000080000000, 0x0000000100000000)
  region size 1024K, 4 young (4096K), 4 survivors (4096K)
 Metaspace       used 89981K, committed 90688K, reserved 1179648K
  class space    used 12377K, committed 12736K, reserved 1048576K
}
Event: 18.720 GC heap before
{Heap before GC invocations=43 (full 0):
 garbage-first heap   total 172032K, used 143823K [0x0000000080000000, 0x0000000100000000)
  region size 1024K, 51 young (52224K), 4 survivors (4096K)
 Metaspace       used 92190K, committed 92928K, reserved 1179648K
  class space    used 12709K, committed 13056K, reserved 1048576K
}
Event: 18.730 GC heap after
{Heap after GC invocations=44 (full 0):
 garbage-first heap   total 172032K, used 98526K [0x0000000080000000, 0x0000000100000000)
  region size 1024K, 5 young (5120K), 5 survivors (5120K)
 Metaspace       used 92190K, committed 92928K, reserved 1179648K
  class space    used 12709K, committed 13056K, reserved 1048576K
}
Event: 19.342 GC heap before
{Heap before GC invocations=44 (full 0):
 garbage-first heap   total 172032K, used 143582K [0x0000000080000000, 0x0000000100000000)
  region size 1024K, 49 young (50176K), 5 survivors (5120K)
 Metaspace       used 94271K, committed 95104K, reserved 1179648K
  class space    used 13026K, committed 13440K, reserved 1048576K
}

