# JRE version: OpenJDK Runtime Environment (17.0.9) (build 17.0.9+0--11185874)
# Java VM: OpenJDK 64-Bit Server VM (17.0.9+0--11185874, mixed mode, tiered, compressed oops, compressed class ptrs, g1 gc, windows-amd64)
GC Precious Log:
 CPUs: 4 total, 4 available
 Memory: 7975M
 Large Page Support: Disabled
 NUMA Support: Disabled
 Compressed Oops: Enabled (32-bit)
 Heap Region Size: 1M
 Heap Min Capacity: 8M
 Heap Initial Capacity: 126M
 Heap Max Capacity: 2G
 Pre-touch: Disabled
 Parallel Workers: 4
 Concurrent Workers: 1
 Concurrent Refinement Workers: 4
 Periodic GC: Disabled
Heap:
 garbage-first heap   total 321536K, used 201128K [0x0000000080000000, 0x0000000100000000)
  region size 1024K, 14 young (14336K), 4 survivors (4096K)
 Metaspace       used 113823K, committed 114816K, reserved 1179648K
  class space    used 15546K, committed 16000K, reserved 1048576K
GC Heap History (20 events):
Event: 138.585 GC heap before
{Heap before GC invocations=92 (full 0):
 garbage-first heap   total 273408K, used 224285K [0x0000000080000000, 0x0000000100000000)
  region size 1024K, 62 young (63488K), 5 survivors (5120K)
 Metaspace       used 101015K, committed 101952K, reserved 1179648K
  class space    used 14002K, committed 14464K, reserved 1048576K
}
Event: 138.591 GC heap after
{Heap after GC invocations=93 (full 0):
 garbage-first heap   total 273408K, used 167239K [0x0000000080000000, 0x0000000100000000)
  region size 1024K, 5 young (5120K), 5 survivors (5120K)
 Metaspace       used 101015K, committed 101952K, reserved 1179648K
  class space    used 14002K, committed 14464K, reserved 1048576K
}
Event: 141.600 GC heap before
{Heap before GC invocations=94 (full 0):
 garbage-first heap   total 304128K, used 227655K [0x0000000080000000, 0x0000000100000000)
  region size 1024K, 64 young (65536K), 5 survivors (5120K)
 Metaspace       used 101015K, committed 101952K, reserved 1179648K
  class space    used 14002K, committed 14464K, reserved 1048576K
}
Event: 141.606 GC heap after
{Heap after GC invocations=95 (full 0):
 garbage-first heap   total 304128K, used 168775K [0x0000000080000000, 0x0000000100000000)
  region size 1024K, 5 young (5120K), 5 survivors (5120K)
 Metaspace       used 101015K, committed 101952K, reserved 1179648K
  class space    used 14002K, committed 14464K, reserved 1048576K
}
Event: 141.834 GC heap before
{Heap before GC invocations=95 (full 0):
 garbage-first heap   total 304128K, used 177991K [0x0000000080000000, 0x0000000100000000)
  region size 1024K, 14 young (14336K), 5 survivors (5120K)
 Metaspace       used 101015K, committed 101952K, reserved 1179648K
  class space    used 14002K, committed 14464K, reserved 1048576K
}
Event: 141.841 GC heap after
{Heap after GC invocations=96 (full 0):
 garbage-first heap   total 304128K, used 167140K [0x0000000080000000, 0x0000000100000000)
  region size 1024K, 2 young (2048K), 2 survivors (2048K)
 Metaspace       used 101015K, committed 101952K, reserved 1179648K
  class space    used 14002K, committed 14464K, reserved 1048576K
}
Event: 146.516 GC heap before
{Heap before GC invocations=96 (full 0):
 garbage-first heap   total 304128K, used 248036K [0x0000000080000000, 0x0000000100000000)
  region size 1024K, 81 young (82944K), 2 survivors (2048K)
 Metaspace       used 101017K, committed 101952K, reserved 1179648K
  class space    used 14002K, committed 14464K, reserved 1048576K
}
Event: 146.522 GC heap after
{Heap after GC invocations=97 (full 0):
 garbage-first heap   total 304128K, used 169684K [0x0000000080000000, 0x0000000100000000)
  region size 1024K, 5 young (5120K), 5 survivors (5120K)
 Metaspace       used 101017K, committed 101952K, reserved 1179648K
  class space    used 14002K, committed 14464K, reserved 1048576K
}
Event: 150.285 GC heap before
{Heap before GC invocations=97 (full 0):
 garbage-first heap   total 304128K, used 253652K [0x0000000080000000, 0x0000000100000000)
  region size 1024K, 87 young (89088K), 5 survivors (5120K)
 Metaspace       used 101020K, committed 101952K, reserved 1179648K
  class space    used 14003K, committed 14464K, reserved 1048576K
}
Event: 150.290 GC heap after
{Heap after GC invocations=98 (full 0):
 garbage-first heap   total 304128K, used 171426K [0x0000000080000000, 0x0000000100000000)
  region size 1024K, 7 young (7168K), 7 survivors (7168K)
 Metaspace       used 101020K, committed 101952K, reserved 1179648K
  class space    used 14003K, committed 14464K, reserved 1048576K
}
Event: 156.498 GC heap before
{Heap before GC invocations=98 (full 0):
 garbage-first heap   total 304128K, used 254370K [0x0000000080000000, 0x0000000100000000)
  region size 1024K, 88 young (90112K), 7 survivors (7168K)
 Metaspace       used 101023K, committed 101952K, reserved 1179648K
  class space    used 14003K, committed 14464K, reserved 1048576K
}
Event: 156.526 GC heap after
{Heap after GC invocations=99 (full 0):
 garbage-first heap   total 304128K, used 173268K [0x0000000080000000, 0x0000000100000000)
  region size 1024K, 6 young (6144K), 6 survivors (6144K)
 Metaspace       used 101023K, committed 101952K, reserved 1179648K
  class space    used 14003K, committed 14464K, reserved 1048576K
}
Event: 165.969 GC heap before
{Heap before GC invocations=100 (full 0):
 garbage-first heap   total 304128K, used 257236K [0x0000000080000000, 0x0000000100000000)
  region size 1024K, 88 young (90112K), 6 survivors (6144K)
 Metaspace       used 101025K, committed 101952K, reserved 1179648K
  class space    used 14003K, committed 14464K, reserved 1048576K
}
Event: 165.975 GC heap after
{Heap after GC invocations=101 (full 0):
 garbage-first heap   total 304128K, used 175047K [0x0000000080000000, 0x0000000100000000)
  region size 1024K, 8 young (8192K), 8 survivors (8192K)
 Metaspace       used 101025K, committed 101952K, reserved 1179648K
  class space    used 14003K, committed 14464K, reserved 1048576K
}
Event: 166.817 GC heap before
{Heap before GC invocations=101 (full 0):
 garbage-first heap   total 304128K, used 199623K [0x0000000080000000, 0x0000000100000000)
  region size 1024K, 14 young (14336K), 8 survivors (8192K)
 Metaspace       used 101060K, committed 102016K, reserved 1179648K
  class space    used 14013K, committed 14464K, reserved 1048576K
}
Event: 166.838 GC heap after
{Heap after GC invocations=102 (full 0):
 garbage-first heap   total 304128K, used 188175K [0x0000000080000000, 0x0000000100000000)
  region size 1024K, 2 young (2048K), 2 survivors (2048K)
 Metaspace       used 101060K, committed 102016K, reserved 1179648K
  class space    used 14013K, committed 14464K, reserved 1048576K
}
Event: 173.953 GC heap before
{Heap before GC invocations=102 (full 0):
 garbage-first heap   total 304128K, used 259855K [0x0000000080000000, 0x0000000100000000)
  region size 1024K, 71 young (72704K), 2 survivors (2048K)
 Metaspace       used 106886K, committed 107904K, reserved 1179648K
  class space    used 14775K, committed 15232K, reserved 1048576K
}
Event: 173.969 GC heap after
{Heap after GC invocations=103 (full 0):
 garbage-first heap   total 304128K, used 182804K [0x0000000080000000, 0x0000000100000000)
  region size 1024K, 9 young (9216K), 9 survivors (9216K)
 Metaspace       used 106886K, committed 107904K, reserved 1179648K
  class space    used 14775K, committed 15232K, reserved 1048576K
}
Event: 180.098 GC heap before
{Heap before GC invocations=103 (full 0):
 garbage-first heap   total 304128K, used 236052K [0x0000000080000000, 0x0000000100000000)
  region size 1024K, 63 young (64512K), 9 survivors (9216K)
 Metaspace       used 112717K, committed 113728K, reserved 1179648K
  class space    used 15479K, committed 15936K, reserved 1048576K
}
Event: 180.119 GC heap after
{Heap after GC invocations=104 (full 0):
 garbage-first heap   total 304128K, used 186792K [0x0000000080000000, 0x0000000100000000)
  region size 1024K, 4 young (4096K), 4 survivors (4096K)
 Metaspace       used 112717K, committed 113728K, reserved 1179648K
  class space    used 15479K, committed 15936K, reserved 1048576K
}

