# JRE version: OpenJDK Runtime Environment (17.0.9) (build 17.0.9+0--11255266)
# Java VM: OpenJDK 64-Bit Server VM (17.0.9+0--11255266, mixed mode, tiered, compressed oops, compressed class ptrs, g1 gc, windows-amd64)
GC Precious Log:
 CPUs: 4 total, 4 available
 Memory: 7975M
 Large Page Support: Disabled
 NUMA Support: Disabled
 Compressed Oops: Enabled (32-bit)
 Heap Region Size: 1M
 Heap Min Capacity: 8M
 Heap Initial Capacity: 126M
 Heap Max Capacity: 2G
 Pre-touch: Disabled
 Parallel Workers: 4
 Concurrent Workers: 1
 Concurrent Refinement Workers: 4
 Periodic GC: Disabled
Heap:
 garbage-first heap   total 200704K, used 117009K [0x0000000080000000, 0x0000000100000000)
  region size 1024K, 8 young (8192K), 8 survivors (8192K)
 Metaspace       used 104295K, committed 105152K, reserved 1179648K
  class space    used 14527K, committed 14912K, reserved 1048576K
GC Heap History (20 events):
Event: 21.096 GC heap after
{Heap after GC invocations=42 (full 0):
 garbage-first heap   total 200704K, used 80572K [0x0000000080000000, 0x0000000100000000)
  region size 1024K, 6 young (6144K), 6 survivors (6144K)
 Metaspace       used 77427K, committed 78016K, reserved 1179648K
  class space    used 10530K, committed 10816K, reserved 1048576K
}
Event: 21.973 GC heap before
{Heap before GC invocations=42 (full 0):
 garbage-first heap   total 200704K, used 154300K [0x0000000080000000, 0x0000000100000000)
  region size 1024K, 73 young (74752K), 6 survivors (6144K)
 Metaspace       used 81200K, committed 81856K, reserved 1179648K
  class space    used 10977K, committed 11264K, reserved 1048576K
}
Event: 21.987 GC heap after
{Heap after GC invocations=43 (full 0):
 garbage-first heap   total 200704K, used 85494K [0x0000000080000000, 0x0000000100000000)
  region size 1024K, 9 young (9216K), 9 survivors (9216K)
 Metaspace       used 81200K, committed 81856K, reserved 1179648K
  class space    used 10977K, committed 11264K, reserved 1048576K
}
Event: 22.695 GC heap before
{Heap before GC invocations=43 (full 0):
 garbage-first heap   total 200704K, used 152054K [0x0000000080000000, 0x0000000100000000)
  region size 1024K, 75 young (76800K), 9 survivors (9216K)
 Metaspace       used 82778K, committed 83392K, reserved 1179648K
  class space    used 11171K, committed 11456K, reserved 1048576K
}
Event: 22.707 GC heap after
{Heap after GC invocations=44 (full 0):
 garbage-first heap   total 200704K, used 91206K [0x0000000080000000, 0x0000000100000000)
  region size 1024K, 10 young (10240K), 10 survivors (10240K)
 Metaspace       used 82778K, committed 83392K, reserved 1179648K
  class space    used 11171K, committed 11456K, reserved 1048576K
}
Event: 23.798 GC heap before
{Heap before GC invocations=44 (full 0):
 garbage-first heap   total 200704K, used 156742K [0x0000000080000000, 0x0000000100000000)
  region size 1024K, 74 young (75776K), 10 survivors (10240K)
 Metaspace       used 87310K, committed 88000K, reserved 1179648K
  class space    used 11979K, committed 12288K, reserved 1048576K
}
Event: 23.808 GC heap after
{Heap after GC invocations=45 (full 0):
 garbage-first heap   total 200704K, used 94382K [0x0000000080000000, 0x0000000100000000)
  region size 1024K, 3 young (3072K), 3 survivors (3072K)
 Metaspace       used 87310K, committed 88000K, reserved 1179648K
  class space    used 11979K, committed 12288K, reserved 1048576K
}
Event: 25.108 GC heap before
{Heap before GC invocations=45 (full 0):
 garbage-first heap   total 200704K, used 159918K [0x0000000080000000, 0x0000000100000000)
  region size 1024K, 67 young (68608K), 3 survivors (3072K)
 Metaspace       used 91779K, committed 92480K, reserved 1179648K
  class space    used 12654K, committed 12992K, reserved 1048576K
}
Event: 25.116 GC heap after
{Heap after GC invocations=46 (full 0):
 garbage-first heap   total 200704K, used 96710K [0x0000000080000000, 0x0000000100000000)
  region size 1024K, 6 young (6144K), 6 survivors (6144K)
 Metaspace       used 91779K, committed 92480K, reserved 1179648K
  class space    used 12654K, committed 12992K, reserved 1048576K
}
Event: 26.032 GC heap before
{Heap before GC invocations=47 (full 0):
 garbage-first heap   total 200704K, used 162246K [0x0000000080000000, 0x0000000100000000)
  region size 1024K, 70 young (71680K), 6 survivors (6144K)
 Metaspace       used 94136K, committed 94912K, reserved 1179648K
  class space    used 13033K, committed 13376K, reserved 1048576K
}
Event: 26.042 GC heap after
{Heap after GC invocations=48 (full 0):
 garbage-first heap   total 200704K, used 101987K [0x0000000080000000, 0x0000000100000000)
  region size 1024K, 8 young (8192K), 8 survivors (8192K)
 Metaspace       used 94136K, committed 94912K, reserved 1179648K
  class space    used 13033K, committed 13376K, reserved 1048576K
}
Event: 26.058 GC heap before
{Heap before GC invocations=48 (full 0):
 garbage-first heap   total 200704K, used 103011K [0x0000000080000000, 0x0000000100000000)
  region size 1024K, 9 young (9216K), 8 survivors (8192K)
 Metaspace       used 94178K, committed 94976K, reserved 1179648K
  class space    used 13037K, committed 13376K, reserved 1048576K
}
Event: 26.067 GC heap after
{Heap after GC invocations=49 (full 0):
 garbage-first heap   total 200704K, used 102019K [0x0000000080000000, 0x0000000100000000)
  region size 1024K, 2 young (2048K), 2 survivors (2048K)
 Metaspace       used 94178K, committed 94976K, reserved 1179648K
  class space    used 13037K, committed 13376K, reserved 1048576K
}
Event: 27.151 GC heap before
{Heap before GC invocations=49 (full 0):
 garbage-first heap   total 200704K, used 163459K [0x0000000080000000, 0x0000000100000000)
  region size 1024K, 62 young (63488K), 2 survivors (2048K)
 Metaspace       used 99524K, committed 100352K, reserved 1179648K
  class space    used 13821K, committed 14208K, reserved 1048576K
}
Event: 27.155 GC heap after
{Heap after GC invocations=50 (full 0):
 garbage-first heap   total 200704K, used 103683K [0x0000000080000000, 0x0000000100000000)
  region size 1024K, 3 young (3072K), 3 survivors (3072K)
 Metaspace       used 99524K, committed 100352K, reserved 1179648K
  class space    used 13821K, committed 14208K, reserved 1048576K
}
Event: 28.197 GC heap before
{Heap before GC invocations=51 (full 0):
 garbage-first heap   total 200704K, used 164099K [0x0000000080000000, 0x0000000100000000)
  region size 1024K, 63 young (64512K), 3 survivors (3072K)
 Metaspace       used 102989K, committed 103872K, reserved 1179648K
  class space    used 14349K, committed 14720K, reserved 1048576K
}
Event: 28.205 GC heap after
{Heap after GC invocations=52 (full 0):
 garbage-first heap   total 200704K, used 108312K [0x0000000080000000, 0x0000000100000000)
  region size 1024K, 8 young (8192K), 8 survivors (8192K)
 Metaspace       used 102989K, committed 103872K, reserved 1179648K
  class space    used 14349K, committed 14720K, reserved 1048576K
}
Event: 28.219 GC heap before
{Heap before GC invocations=52 (full 0):
 garbage-first heap   total 200704K, used 109336K [0x0000000080000000, 0x0000000100000000)
  region size 1024K, 9 young (9216K), 8 survivors (8192K)
 Metaspace       used 103123K, committed 104000K, reserved 1179648K
  class space    used 14375K, committed 14784K, reserved 1048576K
}
Event: 28.228 GC heap after
{Heap after GC invocations=53 (full 0):
 garbage-first heap   total 200704K, used 108901K [0x0000000080000000, 0x0000000100000000)
  region size 1024K, 1 young (1024K), 1 survivors (1024K)
 Metaspace       used 103123K, committed 104000K, reserved 1179648K
  class space    used 14375K, committed 14784K, reserved 1048576K
}
Event: 29.470 GC heap before
{Heap before GC invocations=53 (full 0):
 garbage-first heap   total 200704K, used 165221K [0x0000000080000000, 0x0000000100000000)
  region size 1024K, 57 young (58368K), 1 survivors (1024K)
 Metaspace       used 104295K, committed 105152K, reserved 1179648K
  class space    used 14527K, committed 14912K, reserved 1048576K
}

