# JRE version: OpenJDK Runtime Environment (17.0.9) (build 17.0.9+0--11185874)
# Java VM: OpenJDK 64-Bit Server VM (17.0.9+0--11185874, mixed mode, tiered, compressed oops, compressed class ptrs, g1 gc, windows-amd64)
GC Precious Log:
 CPUs: 4 total, 4 available
 Memory: 7975M
 Large Page Support: Disabled
 NUMA Support: Disabled
 Compressed Oops: Enabled (32-bit)
 Heap Region Size: 1M
 Heap Min Capacity: 8M
 Heap Initial Capacity: 126M
 Heap Max Capacity: 2G
 Pre-touch: Disabled
 Parallel Workers: 4
 Concurrent Workers: 1
 Concurrent Refinement Workers: 4
 Periodic GC: Disabled
Heap:
 garbage-first heap   total 237568K, used 133725K [0x0000000080000000, 0x0000000100000000)
  region size 1024K, 6 young (6144K), 6 survivors (6144K)
 Metaspace       used 105166K, committed 106048K, reserved 1179648K
  class space    used 14614K, committed 14976K, reserved 1048576K
GC Heap History (20 events):
Event: 17.277 GC heap after
{Heap after GC invocations=41 (full 0):
 garbage-first heap   total 237568K, used 84237K [0x0000000080000000, 0x0000000100000000)
  region size 1024K, 1 young (1024K), 1 survivors (1024K)
 Metaspace       used 80284K, committed 80896K, reserved 1179648K
  class space    used 10821K, committed 11136K, reserved 1048576K
}
Event: 18.692 GC heap before
{Heap before GC invocations=41 (full 0):
 garbage-first heap   total 237568K, used 180493K [0x0000000080000000, 0x0000000100000000)
  region size 1024K, 96 young (98304K), 1 survivors (1024K)
 Metaspace       used 82369K, committed 83072K, reserved 1179648K
  class space    used 11110K, committed 11456K, reserved 1048576K
}
Event: 18.703 GC heap after
{Heap after GC invocations=42 (full 0):
 garbage-first heap   total 237568K, used 93103K [0x0000000080000000, 0x0000000100000000)
  region size 1024K, 10 young (10240K), 10 survivors (10240K)
 Metaspace       used 82369K, committed 83072K, reserved 1179648K
  class space    used 11110K, committed 11456K, reserved 1048576K
}
Event: 19.408 GC heap before
{Heap before GC invocations=42 (full 0):
 garbage-first heap   total 237568K, used 136111K [0x0000000080000000, 0x0000000100000000)
  region size 1024K, 53 young (54272K), 10 survivors (10240K)
 Metaspace       used 84833K, committed 85504K, reserved 1179648K
  class space    used 11459K, committed 11776K, reserved 1048576K
}
Event: 19.422 GC heap after
{Heap after GC invocations=43 (full 0):
 garbage-first heap   total 237568K, used 95446K [0x0000000080000000, 0x0000000100000000)
  region size 1024K, 3 young (3072K), 3 survivors (3072K)
 Metaspace       used 84833K, committed 85504K, reserved 1179648K
  class space    used 11459K, committed 11776K, reserved 1048576K
}
Event: 20.957 GC heap before
{Heap before GC invocations=44 (full 0):
 garbage-first heap   total 237568K, used 178390K [0x0000000080000000, 0x0000000100000000)
  region size 1024K, 83 young (84992K), 3 survivors (3072K)
 Metaspace       used 90516K, committed 91264K, reserved 1179648K
  class space    used 12443K, committed 12800K, reserved 1048576K
}
Event: 20.964 GC heap after
{Heap after GC invocations=45 (full 0):
 garbage-first heap   total 237568K, used 97864K [0x0000000080000000, 0x0000000100000000)
  region size 1024K, 6 young (6144K), 6 survivors (6144K)
 Metaspace       used 90516K, committed 91264K, reserved 1179648K
  class space    used 12443K, committed 12800K, reserved 1048576K
}
Event: 21.048 GC heap before
{Heap before GC invocations=45 (full 0):
 garbage-first heap   total 237568K, used 102984K [0x0000000080000000, 0x0000000100000000)
  region size 1024K, 11 young (11264K), 6 survivors (6144K)
 Metaspace       used 90868K, committed 91648K, reserved 1179648K
  class space    used 12499K, committed 12864K, reserved 1048576K
}
Event: 21.055 GC heap after
{Heap after GC invocations=46 (full 0):
 garbage-first heap   total 237568K, used 97185K [0x0000000080000000, 0x0000000100000000)
  region size 1024K, 1 young (1024K), 1 survivors (1024K)
 Metaspace       used 90868K, committed 91648K, reserved 1179648K
  class space    used 12499K, committed 12864K, reserved 1048576K
}
Event: 22.054 GC heap before
{Heap before GC invocations=46 (full 0):
 garbage-first heap   total 237568K, used 183201K [0x0000000080000000, 0x0000000100000000)
  region size 1024K, 85 young (87040K), 1 survivors (1024K)
 Metaspace       used 94561K, committed 95360K, reserved 1179648K
  class space    used 13082K, committed 13440K, reserved 1048576K
}
Event: 22.065 GC heap after
{Heap after GC invocations=47 (full 0):
 garbage-first heap   total 237568K, used 102601K [0x0000000080000000, 0x0000000100000000)
  region size 1024K, 7 young (7168K), 7 survivors (7168K)
 Metaspace       used 94561K, committed 95360K, reserved 1179648K
  class space    used 13082K, committed 13440K, reserved 1048576K
}
Event: 23.495 GC heap before
{Heap before GC invocations=47 (full 0):
 garbage-first heap   total 237568K, used 185545K [0x0000000080000000, 0x0000000100000000)
  region size 1024K, 88 young (90112K), 7 survivors (7168K)
 Metaspace       used 101308K, committed 102080K, reserved 1179648K
  class space    used 14047K, committed 14400K, reserved 1048576K
}
Event: 23.512 GC heap after
{Heap after GC invocations=48 (full 0):
 garbage-first heap   total 237568K, used 107067K [0x0000000080000000, 0x0000000100000000)
  region size 1024K, 5 young (5120K), 5 survivors (5120K)
 Metaspace       used 101308K, committed 102080K, reserved 1179648K
  class space    used 14047K, committed 14400K, reserved 1048576K
}
Event: 24.244 GC heap before
{Heap before GC invocations=48 (full 0):
 garbage-first heap   total 237568K, used 188987K [0x0000000080000000, 0x0000000100000000)
  region size 1024K, 85 young (87040K), 5 survivors (5120K)
 Metaspace       used 103196K, committed 104064K, reserved 1179648K
  class space    used 14304K, committed 14720K, reserved 1048576K
}
Event: 24.260 GC heap after
{Heap after GC invocations=49 (full 0):
 garbage-first heap   total 237568K, used 116399K [0x0000000080000000, 0x0000000100000000)
  region size 1024K, 11 young (11264K), 11 survivors (11264K)
 Metaspace       used 103196K, committed 104064K, reserved 1179648K
  class space    used 14304K, committed 14720K, reserved 1048576K
}
Event: 25.319 GC heap before
{Heap before GC invocations=50 (full 0):
 garbage-first heap   total 237568K, used 191151K [0x0000000080000000, 0x0000000100000000)
  region size 1024K, 84 young (86016K), 11 survivors (11264K)
 Metaspace       used 104993K, committed 105792K, reserved 1179648K
  class space    used 14611K, committed 14976K, reserved 1048576K
}
Event: 25.356 GC heap after
{Heap after GC invocations=51 (full 0):
 garbage-first heap   total 237568K, used 128003K [0x0000000080000000, 0x0000000100000000)
  region size 1024K, 11 young (11264K), 11 survivors (11264K)
 Metaspace       used 104993K, committed 105792K, reserved 1179648K
  class space    used 14611K, committed 14976K, reserved 1048576K
}
Event: 25.371 GC heap before
{Heap before GC invocations=51 (full 0):
 garbage-first heap   total 237568K, used 128003K [0x0000000080000000, 0x0000000100000000)
  region size 1024K, 12 young (12288K), 11 survivors (11264K)
 Metaspace       used 104997K, committed 105792K, reserved 1179648K
  class space    used 14611K, committed 14976K, reserved 1048576K
}
Event: 25.450 GC heap after
{Heap after GC invocations=52 (full 0):
 garbage-first heap   total 237568K, used 129647K [0x0000000080000000, 0x0000000100000000)
  region size 1024K, 2 young (2048K), 2 survivors (2048K)
 Metaspace       used 104997K, committed 105792K, reserved 1179648K
  class space    used 14611K, committed 14976K, reserved 1048576K
}
Event: 26.188 GC heap before
{Heap before GC invocations=52 (full 0):
 garbage-first heap   total 237568K, used 190063K [0x0000000080000000, 0x0000000100000000)
  region size 1024K, 62 young (63488K), 2 survivors (2048K)
 Metaspace       used 105166K, committed 106048K, reserved 1179648K
  class space    used 14614K, committed 14976K, reserved 1048576K
}

