# JRE version: OpenJDK Runtime Environment (17.0.9) (build 17.0.9+0--11185874)
# Java VM: OpenJDK 64-Bit Server VM (17.0.9+0--11185874, mixed mode, tiered, compressed oops, compressed class ptrs, g1 gc, windows-amd64)
GC Precious Log:
 CPUs: 4 total, 4 available
 Memory: 7975M
 Large Page Support: Disabled
 NUMA Support: Disabled
 Compressed Oops: Enabled (32-bit)
 Heap Region Size: 1M
 Heap Min Capacity: 8M
 Heap Initial Capacity: 126M
 Heap Max Capacity: 2G
 Pre-touch: Disabled
 Parallel Workers: 4
 Concurrent Workers: 1
 Concurrent Refinement Workers: 4
 Periodic GC: Disabled
Heap:
 garbage-first heap   total 357376K, used 181403K [0x0000000080000000, 0x0000000100000000)
  region size 1024K, 7 young (7168K), 7 survivors (7168K)
 Metaspace       used 112163K, committed 113088K, reserved 1179648K
  class space    used 15314K, committed 15744K, reserved 1048576K
GC Heap History (20 events):
Event: 19.179 GC heap after
{Heap after GC invocations=46 (full 0):
 garbage-first heap   total 194560K, used 96087K [0x0000000080000000, 0x0000000100000000)
  region size 1024K, 1 young (1024K), 1 survivors (1024K)
 Metaspace       used 84736K, committed 85440K, reserved 1179648K
  class space    used 11462K, committed 11776K, reserved 1048576K
}
Event: 19.180 GC heap before
{Heap before GC invocations=46 (full 0):
 garbage-first heap   total 194560K, used 96087K [0x0000000080000000, 0x0000000100000000)
  region size 1024K, 2 young (2048K), 1 survivors (1024K)
 Metaspace       used 84739K, committed 85440K, reserved 1179648K
  class space    used 11462K, committed 11776K, reserved 1048576K
}
Event: 19.183 GC heap after
{Heap after GC invocations=47 (full 0):
 garbage-first heap   total 357376K, used 95634K [0x0000000080000000, 0x0000000100000000)
  region size 1024K, 1 young (1024K), 1 survivors (1024K)
 Metaspace       used 84739K, committed 85440K, reserved 1179648K
  class space    used 11462K, committed 11776K, reserved 1048576K
}
Event: 22.032 GC heap before
{Heap before GC invocations=47 (full 0):
 garbage-first heap   total 357376K, used 235922K [0x0000000080000000, 0x0000000100000000)
  region size 1024K, 137 young (140288K), 1 survivors (1024K)
 Metaspace       used 92420K, committed 93184K, reserved 1179648K
  class space    used 12756K, committed 13120K, reserved 1048576K
}
Event: 22.057 GC heap after
{Heap after GC invocations=48 (full 0):
 garbage-first heap   total 357376K, used 101262K [0x0000000080000000, 0x0000000100000000)
  region size 1024K, 7 young (7168K), 7 survivors (7168K)
 Metaspace       used 92420K, committed 93184K, reserved 1179648K
  class space    used 12756K, committed 13120K, reserved 1048576K
}
Event: 27.878 GC heap before
{Heap before GC invocations=48 (full 0):
 garbage-first heap   total 357376K, used 280462K [0x0000000080000000, 0x0000000100000000)
  region size 1024K, 182 young (186368K), 7 survivors (7168K)
 Metaspace       used 103207K, committed 104064K, reserved 1179648K
  class space    used 14319K, committed 14720K, reserved 1048576K
}
Event: 27.939 GC heap after
{Heap after GC invocations=49 (full 0):
 garbage-first heap   total 357376K, used 115578K [0x0000000080000000, 0x0000000100000000)
  region size 1024K, 20 young (20480K), 20 survivors (20480K)
 Metaspace       used 103207K, committed 104064K, reserved 1179648K
  class space    used 14319K, committed 14720K, reserved 1048576K
}
Event: 31.484 GC heap before
{Heap before GC invocations=50 (full 0):
 garbage-first heap   total 357376K, used 279418K [0x0000000080000000, 0x0000000100000000)
  region size 1024K, 180 young (184320K), 20 survivors (20480K)
 Metaspace       used 105221K, committed 106112K, reserved 1179648K
  class space    used 14630K, committed 15040K, reserved 1048576K
}
Event: 31.569 GC heap after
{Heap after GC invocations=51 (full 0):
 garbage-first heap   total 357376K, used 135217K [0x0000000080000000, 0x0000000100000000)
  region size 1024K, 20 young (20480K), 20 survivors (20480K)
 Metaspace       used 105221K, committed 106112K, reserved 1179648K
  class space    used 14630K, committed 15040K, reserved 1048576K
}
Event: 31.591 GC heap before
{Heap before GC invocations=51 (full 0):
 garbage-first heap   total 357376K, used 136241K [0x0000000080000000, 0x0000000100000000)
  region size 1024K, 21 young (21504K), 20 survivors (20480K)
 Metaspace       used 105221K, committed 106112K, reserved 1179648K
  class space    used 14630K, committed 15040K, reserved 1048576K
}
Event: 31.690 GC heap after
{Heap after GC invocations=52 (full 0):
 garbage-first heap   total 357376K, used 135168K [0x0000000080000000, 0x0000000100000000)
  region size 1024K, 2 young (2048K), 2 survivors (2048K)
 Metaspace       used 105221K, committed 106112K, reserved 1179648K
  class space    used 14630K, committed 15040K, reserved 1048576K
}
Event: 41.412 GC heap before
{Heap before GC invocations=52 (full 0):
 garbage-first heap   total 357376K, used 283648K [0x0000000080000000, 0x0000000100000000)
  region size 1024K, 143 young (146432K), 2 survivors (2048K)
 Metaspace       used 109159K, committed 110016K, reserved 1179648K
  class space    used 14978K, committed 15360K, reserved 1048576K
}
Event: 41.455 GC heap after
{Heap after GC invocations=53 (full 0):
 garbage-first heap   total 357376K, used 152064K [0x0000000080000000, 0x0000000100000000)
  region size 1024K, 18 young (18432K), 18 survivors (18432K)
 Metaspace       used 109159K, committed 110016K, reserved 1179648K
  class space    used 14978K, committed 15360K, reserved 1048576K
}
Event: 41.489 GC heap before
{Heap before GC invocations=53 (full 0):
 garbage-first heap   total 357376K, used 152064K [0x0000000080000000, 0x0000000100000000)
  region size 1024K, 19 young (19456K), 18 survivors (18432K)
 Metaspace       used 109160K, committed 110016K, reserved 1179648K
  class space    used 14978K, committed 15360K, reserved 1048576K
}
Event: 41.532 GC heap after
{Heap after GC invocations=54 (full 0):
 garbage-first heap   total 357376K, used 153777K [0x0000000080000000, 0x0000000100000000)
  region size 1024K, 2 young (2048K), 2 survivors (2048K)
 Metaspace       used 109160K, committed 110016K, reserved 1179648K
  class space    used 14978K, committed 15360K, reserved 1048576K
}
Event: 55.508 GC heap before
{Heap before GC invocations=55 (full 0):
 garbage-first heap   total 357376K, used 276657K [0x0000000080000000, 0x0000000100000000)
  region size 1024K, 105 young (107520K), 2 survivors (2048K)
 Metaspace       used 111983K, committed 112960K, reserved 1179648K
  class space    used 15298K, committed 15744K, reserved 1048576K
}
Event: 55.553 GC heap after
{Heap after GC invocations=56 (full 0):
 garbage-first heap   total 357376K, used 176640K [0x0000000080000000, 0x0000000100000000)
  region size 1024K, 14 young (14336K), 14 survivors (14336K)
 Metaspace       used 111983K, committed 112960K, reserved 1179648K
  class space    used 15298K, committed 15744K, reserved 1048576K
}
Event: 56.141 GC heap before
{Heap before GC invocations=56 (full 0):
 garbage-first heap   total 357376K, used 178688K [0x0000000080000000, 0x0000000100000000)
  region size 1024K, 17 young (17408K), 14 survivors (14336K)
 Metaspace       used 111984K, committed 112960K, reserved 1179648K
  class space    used 15298K, committed 15744K, reserved 1048576K
}
Event: 56.176 GC heap after
{Heap after GC invocations=57 (full 0):
 garbage-first heap   total 357376K, used 176061K [0x0000000080000000, 0x0000000100000000)
  region size 1024K, 2 young (2048K), 2 survivors (2048K)
 Metaspace       used 111984K, committed 112960K, reserved 1179648K
  class space    used 15298K, committed 15744K, reserved 1048576K
}
Event: 56.432 GC heap before
{Heap before GC invocations=57 (full 0):
 garbage-first heap   total 357376K, used 185277K [0x0000000080000000, 0x0000000100000000)
  region size 1024K, 13 young (13312K), 2 survivors (2048K)
 Metaspace       used 112163K, committed 113088K, reserved 1179648K
  class space    used 15314K, committed 15744K, reserved 1048576K
}

