# JRE version: Java(TM) SE Runtime Environment (19.0.1+10) (build 19.0.1+10-21)
# Java VM: Java HotSpot(TM) 64-Bit Server VM (19.0.1+10-21, mixed mode, sharing, tiered, compressed oops, compressed class ptrs, g1 gc, windows-amd64)
GC Precious Log:
 CardTable entry size: 512
 Card Set container configuration: InlinePtr #cards 5 size 8 Array Of Cards #cards 12 size 40 Howl #buckets 4 coarsen threshold 1843 Howl Bitmap #cards 512 size 80 coarsen threshold 460 Card regions per heap region 1 cards per card region 2048
 CPUs: 4 total, 4 available
 Memory: 7975M
 Large Page Support: Disabled
 NUMA Support: Disabled
 Compressed Oops: Enabled (32-bit)
 Heap Region Size: 1M
 Heap Min Capacity: 8M
 Heap Initial Capacity: 126M
 Heap Max Capacity: 2G
 Pre-touch: Disabled
 Parallel Workers: 4
 Concurrent Workers: 1
 Concurrent Refinement Workers: 4
 Periodic GC: Disabled
Heap:
 garbage-first heap   total 335872K, used 162572K [0x0000000080000000, 0x0000000100000000)
  region size 1024K, 61 young (62464K), 3 survivors (3072K)
 Metaspace       used 84980K, committed 87040K, reserved 1179648K
  class space    used 11413K, committed 12480K, reserved 1048576K
GC Heap History (20 events):
Event: 10.878 GC heap before
{Heap before GC invocations=13 (full 0):
 garbage-first heap   total 86016K, used 65321K [0x0000000080000000, 0x0000000100000000)
  region size 1024K, 34 young (34816K), 1 survivors (1024K)
 Metaspace       used 43842K, committed 45312K, reserved 1114112K
  class space    used 6190K, committed 6976K, reserved 1048576K
}
Event: 10.881 GC heap after
{Heap after GC invocations=14 (full 0):
 garbage-first heap   total 86016K, used 34168K [0x0000000080000000, 0x0000000100000000)
  region size 1024K, 3 young (3072K), 3 survivors (3072K)
 Metaspace       used 43842K, committed 45312K, reserved 1114112K
  class space    used 6190K, committed 6976K, reserved 1048576K
}
Event: 11.716 GC heap before
{Heap before GC invocations=14 (full 0):
 garbage-first heap   total 86016K, used 66936K [0x0000000080000000, 0x0000000100000000)
  region size 1024K, 35 young (35840K), 3 survivors (3072K)
 Metaspace       used 47619K, committed 49216K, reserved 1114112K
  class space    used 6728K, committed 7552K, reserved 1048576K
}
Event: 11.721 GC heap after
{Heap after GC invocations=15 (full 0):
 garbage-first heap   total 86016K, used 37156K [0x0000000080000000, 0x0000000100000000)
  region size 1024K, 5 young (5120K), 5 survivors (5120K)
 Metaspace       used 47619K, committed 49216K, reserved 1114112K
  class space    used 6728K, committed 7552K, reserved 1048576K
}
Event: 12.308 GC heap before
{Heap before GC invocations=15 (full 0):
 garbage-first heap   total 86016K, used 66852K [0x0000000080000000, 0x0000000100000000)
  region size 1024K, 35 young (35840K), 5 survivors (5120K)
 Metaspace       used 48493K, committed 50048K, reserved 1114112K
  class space    used 6803K, committed 7616K, reserved 1048576K
}
Event: 12.320 GC heap after
{Heap after GC invocations=16 (full 0):
 garbage-first heap   total 86016K, used 43070K [0x0000000080000000, 0x0000000100000000)
  region size 1024K, 5 young (5120K), 5 survivors (5120K)
 Metaspace       used 48493K, committed 50048K, reserved 1114112K
  class space    used 6803K, committed 7616K, reserved 1048576K
}
Event: 12.697 GC heap before
{Heap before GC invocations=16 (full 0):
 garbage-first heap   total 86016K, used 66622K [0x0000000080000000, 0x0000000100000000)
  region size 1024K, 28 young (28672K), 5 survivors (5120K)
 Metaspace       used 52892K, committed 54464K, reserved 1114112K
  class space    used 7789K, committed 8640K, reserved 1048576K
}
Event: 12.702 GC heap after
{Heap after GC invocations=17 (full 0):
 garbage-first heap   total 186368K, used 44939K [0x0000000080000000, 0x0000000100000000)
  region size 1024K, 2 young (2048K), 2 survivors (2048K)
 Metaspace       used 52892K, committed 54464K, reserved 1114112K
  class space    used 7789K, committed 8640K, reserved 1048576K
}
Event: 14.187 GC heap before
{Heap before GC invocations=18 (full 0):
 garbage-first heap   total 167936K, used 145291K [0x0000000080000000, 0x0000000100000000)
  region size 1024K, 94 young (96256K), 2 survivors (2048K)
 Metaspace       used 65687K, committed 67456K, reserved 1114112K
  class space    used 9351K, committed 10240K, reserved 1048576K
}
Event: 14.193 GC heap after
{Heap after GC invocations=19 (full 0):
 garbage-first heap   total 167936K, used 56075K [0x0000000080000000, 0x0000000100000000)
  region size 1024K, 6 young (6144K), 6 survivors (6144K)
 Metaspace       used 65687K, committed 67456K, reserved 1114112K
  class space    used 9351K, committed 10240K, reserved 1048576K
}
Event: 14.206 GC heap before
{Heap before GC invocations=19 (full 0):
 garbage-first heap   total 167936K, used 58123K [0x0000000080000000, 0x0000000100000000)
  region size 1024K, 8 young (8192K), 6 survivors (6144K)
 Metaspace       used 65687K, committed 67456K, reserved 1114112K
  class space    used 9351K, committed 10240K, reserved 1048576K
}
Event: 14.211 GC heap after
{Heap after GC invocations=20 (full 0):
 garbage-first heap   total 167936K, used 56391K [0x0000000080000000, 0x0000000100000000)
  region size 1024K, 1 young (1024K), 1 survivors (1024K)
 Metaspace       used 65687K, committed 67456K, reserved 1114112K
  class space    used 9351K, committed 10240K, reserved 1048576K
}
Event: 14.664 GC heap before
{Heap before GC invocations=20 (full 0):
 garbage-first heap   total 167936K, used 138311K [0x0000000080000000, 0x0000000100000000)
  region size 1024K, 73 young (74752K), 1 survivors (1024K)
 Metaspace       used 65838K, committed 67584K, reserved 1114112K
  class space    used 9357K, committed 10240K, reserved 1048576K
}
Event: 14.689 GC heap after
{Heap after GC invocations=21 (full 0):
 garbage-first heap   total 167936K, used 76348K [0x0000000080000000, 0x0000000100000000)
  region size 1024K, 10 young (10240K), 10 survivors (10240K)
 Metaspace       used 65838K, committed 67584K, reserved 1114112K
  class space    used 9357K, committed 10240K, reserved 1048576K
}
Event: 15.339 GC heap before
{Heap before GC invocations=21 (full 0):
 garbage-first heap   total 167936K, used 135740K [0x0000000080000000, 0x0000000100000000)
  region size 1024K, 59 young (60416K), 10 survivors (10240K)
 Metaspace       used 70124K, committed 71744K, reserved 1114112K
  class space    used 9821K, committed 10688K, reserved 1048576K
}
Event: 15.353 GC heap after
{Heap after GC invocations=22 (full 0):
 garbage-first heap   total 167936K, used 88046K [0x0000000080000000, 0x0000000100000000)
  region size 1024K, 7 young (7168K), 7 survivors (7168K)
 Metaspace       used 70124K, committed 71744K, reserved 1114112K
  class space    used 9821K, committed 10688K, reserved 1048576K
}
Event: 15.876 GC heap before
{Heap before GC invocations=22 (full 0):
 garbage-first heap   total 167936K, used 138222K [0x0000000080000000, 0x0000000100000000)
  region size 1024K, 49 young (50176K), 7 survivors (7168K)
 Metaspace       used 73319K, committed 75008K, reserved 1114112K
  class space    used 10126K, committed 11008K, reserved 1048576K
}
Event: 15.883 GC heap after
{Heap after GC invocations=23 (full 0):
 garbage-first heap   total 167936K, used 101264K [0x0000000080000000, 0x0000000100000000)
  region size 1024K, 6 young (6144K), 6 survivors (6144K)
 Metaspace       used 73319K, committed 75008K, reserved 1114112K
  class space    used 10126K, committed 11008K, reserved 1048576K
}
Event: 16.235 GC heap before
{Heap before GC invocations=23 (full 0):
 garbage-first heap   total 167936K, used 136080K [0x0000000080000000, 0x0000000100000000)
  region size 1024K, 40 young (40960K), 6 survivors (6144K)
 Metaspace       used 77387K, committed 79360K, reserved 1179648K
  class space    used 10541K, committed 11584K, reserved 1048576K
}
Event: 16.241 GC heap after
{Heap after GC invocations=24 (full 0):
 garbage-first heap   total 335872K, used 104204K [0x0000000080000000, 0x0000000100000000)
  region size 1024K, 3 young (3072K), 3 survivors (3072K)
 Metaspace       used 77387K, committed 79360K, reserved 1179648K
  class space    used 10541K, committed 11584K, reserved 1048576K
}

