# JRE version: OpenJDK Runtime Environment (17.0.9) (build 17.0.9+0--11185874)
# Java VM: OpenJDK 64-Bit Server VM (17.0.9+0--11185874, mixed mode, tiered, compressed oops, compressed class ptrs, g1 gc, windows-amd64)
GC Precious Log:
 CPUs: 4 total, 4 available
 Memory: 7975M
 Large Page Support: Disabled
 NUMA Support: Disabled
 Compressed Oops: Enabled (32-bit)
 Heap Region Size: 1M
 Heap Min Capacity: 8M
 Heap Initial Capacity: 126M
 Heap Max Capacity: 2G
 Pre-touch: Disabled
 Parallel Workers: 4
 Concurrent Workers: 1
 Concurrent Refinement Workers: 4
 Periodic GC: Disabled
Heap:
 garbage-first heap   total 391168K, used 257459K [0x0000000080000000, 0x0000000100000000)
  region size 1024K, 10 young (10240K), 10 survivors (10240K)
 Metaspace       used 134228K, committed 135296K, reserved 1179648K
  class space    used 17973K, committed 18496K, reserved 1048576K
GC Heap History (20 events):
Event: 70.125 GC heap after
{Heap after GC invocations=56 (full 0):
 garbage-first heap   total 355328K, used 197252K [0x0000000080000000, 0x0000000100000000)
  region size 1024K, 9 young (9216K), 9 survivors (9216K)
 Metaspace       used 125250K, committed 126144K, reserved 1179648K
  class space    used 16789K, committed 17216K, reserved 1048576K
}
Event: 71.837 GC heap before
{Heap before GC invocations=56 (full 0):
 garbage-first heap   total 355328K, used 289412K [0x0000000080000000, 0x0000000100000000)
  region size 1024K, 100 young (102400K), 9 survivors (9216K)
 Metaspace       used 126213K, committed 127232K, reserved 1179648K
  class space    used 16915K, committed 17408K, reserved 1048576K
}
Event: 71.859 GC heap after
{Heap after GC invocations=57 (full 0):
 garbage-first heap   total 355328K, used 202848K [0x0000000080000000, 0x0000000100000000)
  region size 1024K, 9 young (9216K), 9 survivors (9216K)
 Metaspace       used 126213K, committed 127232K, reserved 1179648K
  class space    used 16915K, committed 17408K, reserved 1048576K
}
Event: 75.368 GC heap before
{Heap before GC invocations=58 (full 0):
 garbage-first heap   total 355328K, used 271456K [0x0000000080000000, 0x0000000100000000)
  region size 1024K, 96 young (98304K), 9 survivors (9216K)
 Metaspace       used 126550K, committed 127488K, reserved 1179648K
  class space    used 16948K, committed 17408K, reserved 1048576K
}
Event: 75.387 GC heap after
{Heap after GC invocations=59 (full 0):
 garbage-first heap   total 355328K, used 190886K [0x0000000080000000, 0x0000000100000000)
  region size 1024K, 11 young (11264K), 11 survivors (11264K)
 Metaspace       used 126550K, committed 127488K, reserved 1179648K
  class space    used 16948K, committed 17408K, reserved 1048576K
}
Event: 75.419 GC heap before
{Heap before GC invocations=59 (full 0):
 garbage-first heap   total 355328K, used 196006K [0x0000000080000000, 0x0000000100000000)
  region size 1024K, 17 young (17408K), 11 survivors (11264K)
 Metaspace       used 126570K, committed 127552K, reserved 1179648K
  class space    used 16948K, committed 17408K, reserved 1048576K
}
Event: 75.437 GC heap after
{Heap after GC invocations=60 (full 0):
 garbage-first heap   total 355328K, used 178936K [0x0000000080000000, 0x0000000100000000)
  region size 1024K, 3 young (3072K), 3 survivors (3072K)
 Metaspace       used 126570K, committed 127552K, reserved 1179648K
  class space    used 16948K, committed 17408K, reserved 1048576K
}
Event: 77.008 GC heap before
{Heap before GC invocations=60 (full 0):
 garbage-first heap   total 355328K, used 285432K [0x0000000080000000, 0x0000000100000000)
  region size 1024K, 108 young (110592K), 3 survivors (3072K)
 Metaspace       used 126930K, committed 127872K, reserved 1179648K
  class space    used 16983K, committed 17408K, reserved 1048576K
}
Event: 77.021 GC heap after
{Heap after GC invocations=61 (full 0):
 garbage-first heap   total 355328K, used 183543K [0x0000000080000000, 0x0000000100000000)
  region size 1024K, 7 young (7168K), 7 survivors (7168K)
 Metaspace       used 126930K, committed 127872K, reserved 1179648K
  class space    used 16983K, committed 17408K, reserved 1048576K
}
Event: 81.667 GC heap before
{Heap before GC invocations=61 (full 0):
 garbage-first heap   total 355328K, used 289015K [0x0000000080000000, 0x0000000100000000)
  region size 1024K, 111 young (113664K), 7 survivors (7168K)
 Metaspace       used 130412K, committed 131456K, reserved 1179648K
  class space    used 17461K, committed 17984K, reserved 1048576K
}
Event: 81.697 GC heap after
{Heap after GC invocations=62 (full 0):
 garbage-first heap   total 355328K, used 190591K [0x0000000080000000, 0x0000000100000000)
  region size 1024K, 14 young (14336K), 14 survivors (14336K)
 Metaspace       used 130412K, committed 131456K, reserved 1179648K
  class space    used 17461K, committed 17984K, reserved 1048576K
}
Event: 83.763 GC heap before
{Heap before GC invocations=62 (full 0):
 garbage-first heap   total 355328K, used 203903K [0x0000000080000000, 0x0000000100000000)
  region size 1024K, 29 young (29696K), 14 survivors (14336K)
 Metaspace       used 131563K, committed 132608K, reserved 1179648K
  class space    used 17633K, committed 18112K, reserved 1048576K
}
Event: 83.816 GC heap after
{Heap after GC invocations=63 (full 0):
 garbage-first heap   total 355328K, used 193673K [0x0000000080000000, 0x0000000100000000)
  region size 1024K, 4 young (4096K), 4 survivors (4096K)
 Metaspace       used 131563K, committed 132608K, reserved 1179648K
  class space    used 17633K, committed 18112K, reserved 1048576K
}
Event: 87.680 GC heap before
{Heap before GC invocations=64 (full 0):
 garbage-first heap   total 391168K, used 296073K [0x0000000080000000, 0x0000000100000000)
  region size 1024K, 99 young (101376K), 4 survivors (4096K)
 Metaspace       used 131997K, committed 133120K, reserved 1179648K
  class space    used 17653K, committed 18176K, reserved 1048576K
}
Event: 87.844 GC heap after
{Heap after GC invocations=65 (full 0):
 garbage-first heap   total 391168K, used 238574K [0x0000000080000000, 0x0000000100000000)
  region size 1024K, 13 young (13312K), 13 survivors (13312K)
 Metaspace       used 131997K, committed 133120K, reserved 1179648K
  class space    used 17653K, committed 18176K, reserved 1048576K
}
Event: 87.949 GC heap before
{Heap before GC invocations=65 (full 0):
 garbage-first heap   total 391168K, used 244718K [0x0000000080000000, 0x0000000100000000)
  region size 1024K, 19 young (19456K), 13 survivors (13312K)
 Metaspace       used 131997K, committed 133120K, reserved 1179648K
  class space    used 17653K, committed 18176K, reserved 1048576K
}
Event: 87.979 GC heap after
{Heap after GC invocations=66 (full 0):
 garbage-first heap   total 391168K, used 235008K [0x0000000080000000, 0x0000000100000000)
  region size 1024K, 2 young (2048K), 2 survivors (2048K)
 Metaspace       used 131997K, committed 133120K, reserved 1179648K
  class space    used 17653K, committed 18176K, reserved 1048576K
}
Event: 88.165 GC heap before
{Heap before GC invocations=66 (full 0):
 garbage-first heap   total 391168K, used 300544K [0x0000000080000000, 0x0000000100000000)
  region size 1024K, 66 young (67584K), 2 survivors (2048K)
 Metaspace       used 131997K, committed 133120K, reserved 1179648K
  class space    used 17653K, committed 18176K, reserved 1048576K
}
Event: 88.174 GC heap after
{Heap after GC invocations=67 (full 0):
 garbage-first heap   total 391168K, used 239001K [0x0000000080000000, 0x0000000100000000)
  region size 1024K, 6 young (6144K), 6 survivors (6144K)
 Metaspace       used 131997K, committed 133120K, reserved 1179648K
  class space    used 17653K, committed 18176K, reserved 1048576K
}
Event: 90.735 GC heap before
{Heap before GC invocations=67 (full 0):
 garbage-first heap   total 391168K, used 299417K [0x0000000080000000, 0x0000000100000000)
  region size 1024K, 53 young (54272K), 6 survivors (6144K)
 Metaspace       used 134228K, committed 135296K, reserved 1179648K
  class space    used 17973K, committed 18496K, reserved 1048576K
}

